ARM GAS  C:\Users\username\AppData\Local\Temp\ccxFtsrM.s 			page 1


   1              		.cpu cortex-m0
   2              		.fpu softvfp
   3              		.eabi_attribute 20, 1
   4              		.eabi_attribute 21, 1
   5              		.eabi_attribute 23, 3
   6              		.eabi_attribute 24, 1
   7              		.eabi_attribute 25, 1
   8              		.eabi_attribute 26, 1
   9              		.eabi_attribute 30, 1
  10              		.eabi_attribute 34, 0
  11              		.eabi_attribute 18, 4
  12              		.code	16
  13              		.file	"Timer_1_PM.c"
  14              		.text
  15              	.Ltext0:
  16              		.cfi_sections	.debug_frame
  17              		.section	.text.Timer_1_SaveConfig,"ax",%progbits
  18              		.align	2
  19              		.global	Timer_1_SaveConfig
  20              		.code	16
  21              		.thumb_func
  22              		.type	Timer_1_SaveConfig, %function
  23              	Timer_1_SaveConfig:
  24              	.LFB2:
  25              		.file 1 ".\\Generated_Source\\PSoC4\\Timer_1_PM.c"
   1:.\Generated_Source\PSoC4/Timer_1_PM.c **** /*******************************************************************************
   2:.\Generated_Source\PSoC4/Timer_1_PM.c **** * File Name: Timer_1_PM.c
   3:.\Generated_Source\PSoC4/Timer_1_PM.c **** * Version 2.70
   4:.\Generated_Source\PSoC4/Timer_1_PM.c **** *
   5:.\Generated_Source\PSoC4/Timer_1_PM.c **** *  Description:
   6:.\Generated_Source\PSoC4/Timer_1_PM.c **** *     This file provides the power management source code to API for the
   7:.\Generated_Source\PSoC4/Timer_1_PM.c **** *     Timer.
   8:.\Generated_Source\PSoC4/Timer_1_PM.c **** *
   9:.\Generated_Source\PSoC4/Timer_1_PM.c **** *   Note:
  10:.\Generated_Source\PSoC4/Timer_1_PM.c **** *     None
  11:.\Generated_Source\PSoC4/Timer_1_PM.c **** *
  12:.\Generated_Source\PSoC4/Timer_1_PM.c **** *******************************************************************************
  13:.\Generated_Source\PSoC4/Timer_1_PM.c **** * Copyright 2008-2014, Cypress Semiconductor Corporation.  All rights reserved.
  14:.\Generated_Source\PSoC4/Timer_1_PM.c **** * You may use this file only in accordance with the license, terms, conditions,
  15:.\Generated_Source\PSoC4/Timer_1_PM.c **** * disclaimers, and limitations in the end user license agreement accompanying
  16:.\Generated_Source\PSoC4/Timer_1_PM.c **** * the software package with which this file was provided.
  17:.\Generated_Source\PSoC4/Timer_1_PM.c **** ********************************************************************************/
  18:.\Generated_Source\PSoC4/Timer_1_PM.c **** 
  19:.\Generated_Source\PSoC4/Timer_1_PM.c **** #include "Timer_1.h"
  20:.\Generated_Source\PSoC4/Timer_1_PM.c **** 
  21:.\Generated_Source\PSoC4/Timer_1_PM.c **** static Timer_1_backupStruct Timer_1_backup;
  22:.\Generated_Source\PSoC4/Timer_1_PM.c **** 
  23:.\Generated_Source\PSoC4/Timer_1_PM.c **** 
  24:.\Generated_Source\PSoC4/Timer_1_PM.c **** /*******************************************************************************
  25:.\Generated_Source\PSoC4/Timer_1_PM.c **** * Function Name: Timer_1_SaveConfig
  26:.\Generated_Source\PSoC4/Timer_1_PM.c **** ********************************************************************************
  27:.\Generated_Source\PSoC4/Timer_1_PM.c **** *
  28:.\Generated_Source\PSoC4/Timer_1_PM.c **** * Summary:
  29:.\Generated_Source\PSoC4/Timer_1_PM.c **** *     Save the current user configuration
  30:.\Generated_Source\PSoC4/Timer_1_PM.c **** *
  31:.\Generated_Source\PSoC4/Timer_1_PM.c **** * Parameters:
  32:.\Generated_Source\PSoC4/Timer_1_PM.c **** *  void
ARM GAS  C:\Users\username\AppData\Local\Temp\ccxFtsrM.s 			page 2


  33:.\Generated_Source\PSoC4/Timer_1_PM.c **** *
  34:.\Generated_Source\PSoC4/Timer_1_PM.c **** * Return:
  35:.\Generated_Source\PSoC4/Timer_1_PM.c **** *  void
  36:.\Generated_Source\PSoC4/Timer_1_PM.c **** *
  37:.\Generated_Source\PSoC4/Timer_1_PM.c **** * Global variables:
  38:.\Generated_Source\PSoC4/Timer_1_PM.c **** *  Timer_1_backup:  Variables of this global structure are modified to
  39:.\Generated_Source\PSoC4/Timer_1_PM.c **** *  store the values of non retention configuration registers when Sleep() API is
  40:.\Generated_Source\PSoC4/Timer_1_PM.c **** *  called.
  41:.\Generated_Source\PSoC4/Timer_1_PM.c **** *
  42:.\Generated_Source\PSoC4/Timer_1_PM.c **** *******************************************************************************/
  43:.\Generated_Source\PSoC4/Timer_1_PM.c **** void Timer_1_SaveConfig(void) 
  44:.\Generated_Source\PSoC4/Timer_1_PM.c **** {
  26              		.loc 1 44 0
  27              		.cfi_startproc
  28 0000 10B5     		push	{r4, lr}
  29              		.cfi_def_cfa_offset 8
  30              		.cfi_offset 4, -8
  31              		.cfi_offset 14, -4
  45:.\Generated_Source\PSoC4/Timer_1_PM.c ****     #if (!Timer_1_UsingFixedFunction)
  46:.\Generated_Source\PSoC4/Timer_1_PM.c ****         Timer_1_backup.TimerUdb = Timer_1_ReadCounter();
  32              		.loc 1 46 0
  33 0002 FFF7FEFF 		bl	Timer_1_ReadCounter
  34              	.LVL0:
  35 0006 044C     		ldr	r4, .L2
  36 0008 6080     		strh	r0, [r4, #2]
  47:.\Generated_Source\PSoC4/Timer_1_PM.c ****         Timer_1_backup.InterruptMaskValue = Timer_1_STATUS_MASK;
  37              		.loc 1 47 0
  38 000a 044B     		ldr	r3, .L2+4
  39 000c 1B78     		ldrb	r3, [r3]
  40 000e 2371     		strb	r3, [r4, #4]
  48:.\Generated_Source\PSoC4/Timer_1_PM.c ****         #if (Timer_1_UsingHWCaptureCounter)
  49:.\Generated_Source\PSoC4/Timer_1_PM.c ****             Timer_1_backup.TimerCaptureCounter = Timer_1_ReadCaptureCount();
  50:.\Generated_Source\PSoC4/Timer_1_PM.c ****         #endif /* Back Up capture counter register  */
  51:.\Generated_Source\PSoC4/Timer_1_PM.c **** 
  52:.\Generated_Source\PSoC4/Timer_1_PM.c ****         #if(!Timer_1_UDB_CONTROL_REG_REMOVED)
  53:.\Generated_Source\PSoC4/Timer_1_PM.c ****             Timer_1_backup.TimerControlRegister = Timer_1_ReadControlRegister();
  41              		.loc 1 53 0
  42 0010 FFF7FEFF 		bl	Timer_1_ReadControlRegister
  43              	.LVL1:
  44 0014 6071     		strb	r0, [r4, #5]
  54:.\Generated_Source\PSoC4/Timer_1_PM.c ****         #endif /* Backup the enable state of the Timer component */
  55:.\Generated_Source\PSoC4/Timer_1_PM.c ****     #endif /* Backup non retention registers in UDB implementation. All fixed function registers ar
  56:.\Generated_Source\PSoC4/Timer_1_PM.c **** }
  45              		.loc 1 56 0
  46              		@ sp needed
  47 0016 10BD     		pop	{r4, pc}
  48              	.L3:
  49              		.align	2
  50              	.L2:
  51 0018 00000000 		.word	.LANCHOR0
  52 001c 83000F40 		.word	1074724995
  53              		.cfi_endproc
  54              	.LFE2:
  55              		.size	Timer_1_SaveConfig, .-Timer_1_SaveConfig
  56              		.section	.text.Timer_1_RestoreConfig,"ax",%progbits
  57              		.align	2
  58              		.global	Timer_1_RestoreConfig
ARM GAS  C:\Users\username\AppData\Local\Temp\ccxFtsrM.s 			page 3


  59              		.code	16
  60              		.thumb_func
  61              		.type	Timer_1_RestoreConfig, %function
  62              	Timer_1_RestoreConfig:
  63              	.LFB3:
  57:.\Generated_Source\PSoC4/Timer_1_PM.c **** 
  58:.\Generated_Source\PSoC4/Timer_1_PM.c **** 
  59:.\Generated_Source\PSoC4/Timer_1_PM.c **** /*******************************************************************************
  60:.\Generated_Source\PSoC4/Timer_1_PM.c **** * Function Name: Timer_1_RestoreConfig
  61:.\Generated_Source\PSoC4/Timer_1_PM.c **** ********************************************************************************
  62:.\Generated_Source\PSoC4/Timer_1_PM.c **** *
  63:.\Generated_Source\PSoC4/Timer_1_PM.c **** * Summary:
  64:.\Generated_Source\PSoC4/Timer_1_PM.c **** *  Restores the current user configuration.
  65:.\Generated_Source\PSoC4/Timer_1_PM.c **** *
  66:.\Generated_Source\PSoC4/Timer_1_PM.c **** * Parameters:
  67:.\Generated_Source\PSoC4/Timer_1_PM.c **** *  void
  68:.\Generated_Source\PSoC4/Timer_1_PM.c **** *
  69:.\Generated_Source\PSoC4/Timer_1_PM.c **** * Return:
  70:.\Generated_Source\PSoC4/Timer_1_PM.c **** *  void
  71:.\Generated_Source\PSoC4/Timer_1_PM.c **** *
  72:.\Generated_Source\PSoC4/Timer_1_PM.c **** * Global variables:
  73:.\Generated_Source\PSoC4/Timer_1_PM.c **** *  Timer_1_backup:  Variables of this global structure are used to
  74:.\Generated_Source\PSoC4/Timer_1_PM.c **** *  restore the values of non retention registers on wakeup from sleep mode.
  75:.\Generated_Source\PSoC4/Timer_1_PM.c **** *
  76:.\Generated_Source\PSoC4/Timer_1_PM.c **** *******************************************************************************/
  77:.\Generated_Source\PSoC4/Timer_1_PM.c **** void Timer_1_RestoreConfig(void) 
  78:.\Generated_Source\PSoC4/Timer_1_PM.c **** {   
  64              		.loc 1 78 0
  65              		.cfi_startproc
  66 0000 10B5     		push	{r4, lr}
  67              		.cfi_def_cfa_offset 8
  68              		.cfi_offset 4, -8
  69              		.cfi_offset 14, -4
  79:.\Generated_Source\PSoC4/Timer_1_PM.c ****     #if (!Timer_1_UsingFixedFunction)
  80:.\Generated_Source\PSoC4/Timer_1_PM.c **** 
  81:.\Generated_Source\PSoC4/Timer_1_PM.c ****         Timer_1_WriteCounter(Timer_1_backup.TimerUdb);
  70              		.loc 1 81 0
  71 0002 054C     		ldr	r4, .L5
  72 0004 6088     		ldrh	r0, [r4, #2]
  73 0006 FFF7FEFF 		bl	Timer_1_WriteCounter
  74              	.LVL2:
  82:.\Generated_Source\PSoC4/Timer_1_PM.c ****         Timer_1_STATUS_MASK =Timer_1_backup.InterruptMaskValue;
  75              		.loc 1 82 0
  76 000a 2279     		ldrb	r2, [r4, #4]
  77 000c 034B     		ldr	r3, .L5+4
  78 000e 1A70     		strb	r2, [r3]
  83:.\Generated_Source\PSoC4/Timer_1_PM.c ****         #if (Timer_1_UsingHWCaptureCounter)
  84:.\Generated_Source\PSoC4/Timer_1_PM.c ****             Timer_1_SetCaptureCount(Timer_1_backup.TimerCaptureCounter);
  85:.\Generated_Source\PSoC4/Timer_1_PM.c ****         #endif /* Restore Capture counter register*/
  86:.\Generated_Source\PSoC4/Timer_1_PM.c **** 
  87:.\Generated_Source\PSoC4/Timer_1_PM.c ****         #if(!Timer_1_UDB_CONTROL_REG_REMOVED)
  88:.\Generated_Source\PSoC4/Timer_1_PM.c ****             Timer_1_WriteControlRegister(Timer_1_backup.TimerControlRegister);
  79              		.loc 1 88 0
  80 0010 6079     		ldrb	r0, [r4, #5]
  81 0012 FFF7FEFF 		bl	Timer_1_WriteControlRegister
  82              	.LVL3:
  89:.\Generated_Source\PSoC4/Timer_1_PM.c ****         #endif /* Restore the enable state of the Timer component */
ARM GAS  C:\Users\username\AppData\Local\Temp\ccxFtsrM.s 			page 4


  90:.\Generated_Source\PSoC4/Timer_1_PM.c ****     #endif /* Restore non retention registers in the UDB implementation only */
  91:.\Generated_Source\PSoC4/Timer_1_PM.c **** }
  83              		.loc 1 91 0
  84              		@ sp needed
  85 0016 10BD     		pop	{r4, pc}
  86              	.L6:
  87              		.align	2
  88              	.L5:
  89 0018 00000000 		.word	.LANCHOR0
  90 001c 83000F40 		.word	1074724995
  91              		.cfi_endproc
  92              	.LFE3:
  93              		.size	Timer_1_RestoreConfig, .-Timer_1_RestoreConfig
  94              		.section	.text.Timer_1_Sleep,"ax",%progbits
  95              		.align	2
  96              		.global	Timer_1_Sleep
  97              		.code	16
  98              		.thumb_func
  99              		.type	Timer_1_Sleep, %function
 100              	Timer_1_Sleep:
 101              	.LFB4:
  92:.\Generated_Source\PSoC4/Timer_1_PM.c **** 
  93:.\Generated_Source\PSoC4/Timer_1_PM.c **** 
  94:.\Generated_Source\PSoC4/Timer_1_PM.c **** /*******************************************************************************
  95:.\Generated_Source\PSoC4/Timer_1_PM.c **** * Function Name: Timer_1_Sleep
  96:.\Generated_Source\PSoC4/Timer_1_PM.c **** ********************************************************************************
  97:.\Generated_Source\PSoC4/Timer_1_PM.c **** *
  98:.\Generated_Source\PSoC4/Timer_1_PM.c **** * Summary:
  99:.\Generated_Source\PSoC4/Timer_1_PM.c **** *     Stop and Save the user configuration
 100:.\Generated_Source\PSoC4/Timer_1_PM.c **** *
 101:.\Generated_Source\PSoC4/Timer_1_PM.c **** * Parameters:
 102:.\Generated_Source\PSoC4/Timer_1_PM.c **** *  void
 103:.\Generated_Source\PSoC4/Timer_1_PM.c **** *
 104:.\Generated_Source\PSoC4/Timer_1_PM.c **** * Return:
 105:.\Generated_Source\PSoC4/Timer_1_PM.c **** *  void
 106:.\Generated_Source\PSoC4/Timer_1_PM.c **** *
 107:.\Generated_Source\PSoC4/Timer_1_PM.c **** * Global variables:
 108:.\Generated_Source\PSoC4/Timer_1_PM.c **** *  Timer_1_backup.TimerEnableState:  Is modified depending on the
 109:.\Generated_Source\PSoC4/Timer_1_PM.c **** *  enable state of the block before entering sleep mode.
 110:.\Generated_Source\PSoC4/Timer_1_PM.c **** *
 111:.\Generated_Source\PSoC4/Timer_1_PM.c **** *******************************************************************************/
 112:.\Generated_Source\PSoC4/Timer_1_PM.c **** void Timer_1_Sleep(void) 
 113:.\Generated_Source\PSoC4/Timer_1_PM.c **** {
 102              		.loc 1 113 0
 103              		.cfi_startproc
 104 0000 08B5     		push	{r3, lr}
 105              		.cfi_def_cfa_offset 8
 106              		.cfi_offset 3, -8
 107              		.cfi_offset 14, -4
 114:.\Generated_Source\PSoC4/Timer_1_PM.c ****     #if(!Timer_1_UDB_CONTROL_REG_REMOVED)
 115:.\Generated_Source\PSoC4/Timer_1_PM.c ****         /* Save Counter's enable state */
 116:.\Generated_Source\PSoC4/Timer_1_PM.c ****         if(Timer_1_CTRL_ENABLE == (Timer_1_CONTROL & Timer_1_CTRL_ENABLE))
 108              		.loc 1 116 0
 109 0002 084B     		ldr	r3, .L10
 110 0004 1B78     		ldrb	r3, [r3]
 111 0006 5BB2     		sxtb	r3, r3
 112 0008 002B     		cmp	r3, #0
ARM GAS  C:\Users\username\AppData\Local\Temp\ccxFtsrM.s 			page 5


 113 000a 03DA     		bge	.L8
 117:.\Generated_Source\PSoC4/Timer_1_PM.c ****         {
 118:.\Generated_Source\PSoC4/Timer_1_PM.c ****             /* Timer is enabled */
 119:.\Generated_Source\PSoC4/Timer_1_PM.c ****             Timer_1_backup.TimerEnableState = 1u;
 114              		.loc 1 119 0
 115 000c 0122     		mov	r2, #1
 116 000e 064B     		ldr	r3, .L10+4
 117 0010 1A70     		strb	r2, [r3]
 118 0012 02E0     		b	.L9
 119              	.L8:
 120:.\Generated_Source\PSoC4/Timer_1_PM.c ****         }
 121:.\Generated_Source\PSoC4/Timer_1_PM.c ****         else
 122:.\Generated_Source\PSoC4/Timer_1_PM.c ****         {
 123:.\Generated_Source\PSoC4/Timer_1_PM.c ****             /* Timer is disabled */
 124:.\Generated_Source\PSoC4/Timer_1_PM.c ****             Timer_1_backup.TimerEnableState = 0u;
 120              		.loc 1 124 0
 121 0014 0022     		mov	r2, #0
 122 0016 044B     		ldr	r3, .L10+4
 123 0018 1A70     		strb	r2, [r3]
 124              	.L9:
 125:.\Generated_Source\PSoC4/Timer_1_PM.c ****         }
 126:.\Generated_Source\PSoC4/Timer_1_PM.c ****     #endif /* Back up enable state from the Timer control register */
 127:.\Generated_Source\PSoC4/Timer_1_PM.c ****     Timer_1_Stop();
 125              		.loc 1 127 0
 126 001a FFF7FEFF 		bl	Timer_1_Stop
 127              	.LVL4:
 128:.\Generated_Source\PSoC4/Timer_1_PM.c ****     Timer_1_SaveConfig();
 128              		.loc 1 128 0
 129 001e FFF7FEFF 		bl	Timer_1_SaveConfig
 130              	.LVL5:
 129:.\Generated_Source\PSoC4/Timer_1_PM.c **** }
 131              		.loc 1 129 0
 132              		@ sp needed
 133 0022 08BD     		pop	{r3, pc}
 134              	.L11:
 135              		.align	2
 136              	.L10:
 137 0024 73000F40 		.word	1074724979
 138 0028 00000000 		.word	.LANCHOR0
 139              		.cfi_endproc
 140              	.LFE4:
 141              		.size	Timer_1_Sleep, .-Timer_1_Sleep
 142              		.section	.text.Timer_1_Wakeup,"ax",%progbits
 143              		.align	2
 144              		.global	Timer_1_Wakeup
 145              		.code	16
 146              		.thumb_func
 147              		.type	Timer_1_Wakeup, %function
 148              	Timer_1_Wakeup:
 149              	.LFB5:
 130:.\Generated_Source\PSoC4/Timer_1_PM.c **** 
 131:.\Generated_Source\PSoC4/Timer_1_PM.c **** 
 132:.\Generated_Source\PSoC4/Timer_1_PM.c **** /*******************************************************************************
 133:.\Generated_Source\PSoC4/Timer_1_PM.c **** * Function Name: Timer_1_Wakeup
 134:.\Generated_Source\PSoC4/Timer_1_PM.c **** ********************************************************************************
 135:.\Generated_Source\PSoC4/Timer_1_PM.c **** *
 136:.\Generated_Source\PSoC4/Timer_1_PM.c **** * Summary:
ARM GAS  C:\Users\username\AppData\Local\Temp\ccxFtsrM.s 			page 6


 137:.\Generated_Source\PSoC4/Timer_1_PM.c **** *  Restores and enables the user configuration
 138:.\Generated_Source\PSoC4/Timer_1_PM.c **** *
 139:.\Generated_Source\PSoC4/Timer_1_PM.c **** * Parameters:
 140:.\Generated_Source\PSoC4/Timer_1_PM.c **** *  void
 141:.\Generated_Source\PSoC4/Timer_1_PM.c **** *
 142:.\Generated_Source\PSoC4/Timer_1_PM.c **** * Return:
 143:.\Generated_Source\PSoC4/Timer_1_PM.c **** *  void
 144:.\Generated_Source\PSoC4/Timer_1_PM.c **** *
 145:.\Generated_Source\PSoC4/Timer_1_PM.c **** * Global variables:
 146:.\Generated_Source\PSoC4/Timer_1_PM.c **** *  Timer_1_backup.enableState:  Is used to restore the enable state of
 147:.\Generated_Source\PSoC4/Timer_1_PM.c **** *  block on wakeup from sleep mode.
 148:.\Generated_Source\PSoC4/Timer_1_PM.c **** *
 149:.\Generated_Source\PSoC4/Timer_1_PM.c **** *******************************************************************************/
 150:.\Generated_Source\PSoC4/Timer_1_PM.c **** void Timer_1_Wakeup(void) 
 151:.\Generated_Source\PSoC4/Timer_1_PM.c **** {
 150              		.loc 1 151 0
 151              		.cfi_startproc
 152 0000 08B5     		push	{r3, lr}
 153              		.cfi_def_cfa_offset 8
 154              		.cfi_offset 3, -8
 155              		.cfi_offset 14, -4
 152:.\Generated_Source\PSoC4/Timer_1_PM.c ****     Timer_1_RestoreConfig();
 156              		.loc 1 152 0
 157 0002 FFF7FEFF 		bl	Timer_1_RestoreConfig
 158              	.LVL6:
 153:.\Generated_Source\PSoC4/Timer_1_PM.c ****     #if(!Timer_1_UDB_CONTROL_REG_REMOVED)
 154:.\Generated_Source\PSoC4/Timer_1_PM.c ****         if(Timer_1_backup.TimerEnableState == 1u)
 159              		.loc 1 154 0
 160 0006 034B     		ldr	r3, .L14
 161 0008 1B78     		ldrb	r3, [r3]
 162 000a 012B     		cmp	r3, #1
 163 000c 01D1     		bne	.L12
 155:.\Generated_Source\PSoC4/Timer_1_PM.c ****         {     /* Enable Timer's operation */
 156:.\Generated_Source\PSoC4/Timer_1_PM.c ****                 Timer_1_Enable();
 164              		.loc 1 156 0
 165 000e FFF7FEFF 		bl	Timer_1_Enable
 166              	.LVL7:
 167              	.L12:
 157:.\Generated_Source\PSoC4/Timer_1_PM.c ****         } /* Do nothing if Timer was disabled before */
 158:.\Generated_Source\PSoC4/Timer_1_PM.c ****     #endif /* Remove this code section if Control register is removed */
 159:.\Generated_Source\PSoC4/Timer_1_PM.c **** }
 168              		.loc 1 159 0
 169              		@ sp needed
 170 0012 08BD     		pop	{r3, pc}
 171              	.L15:
 172              		.align	2
 173              	.L14:
 174 0014 00000000 		.word	.LANCHOR0
 175              		.cfi_endproc
 176              	.LFE5:
 177              		.size	Timer_1_Wakeup, .-Timer_1_Wakeup
 178              		.bss
 179              		.align	2
 180              		.set	.LANCHOR0,. + 0
 181              		.type	Timer_1_backup, %object
 182              		.size	Timer_1_backup, 6
 183              	Timer_1_backup:
ARM GAS  C:\Users\username\AppData\Local\Temp\ccxFtsrM.s 			page 7


 184 0000 00000000 		.space	6
 184      0000
 185 0006 0000     		.text
 186              	.Letext0:
 187              		.file 2 ".\\Generated_Source\\PSoC4\\cytypes.h"
 188              		.file 3 ".\\Generated_Source\\PSoC4\\Timer_1.h"
 189              		.section	.debug_info,"",%progbits
 190              	.Ldebug_info0:
 191 0000 E6010000 		.4byte	0x1e6
 192 0004 0400     		.2byte	0x4
 193 0006 00000000 		.4byte	.Ldebug_abbrev0
 194 000a 04       		.byte	0x4
 195 000b 01       		.uleb128 0x1
 196 000c BA010000 		.4byte	.LASF31
 197 0010 01       		.byte	0x1
 198 0011 92020000 		.4byte	.LASF32
 199 0015 39010000 		.4byte	.LASF33
 200 0019 00000000 		.4byte	.Ldebug_ranges0+0
 201 001d 00000000 		.4byte	0
 202 0021 00000000 		.4byte	.Ldebug_line0
 203 0025 02       		.uleb128 0x2
 204 0026 01       		.byte	0x1
 205 0027 06       		.byte	0x6
 206 0028 79020000 		.4byte	.LASF0
 207 002c 02       		.uleb128 0x2
 208 002d 01       		.byte	0x1
 209 002e 08       		.byte	0x8
 210 002f 71000000 		.4byte	.LASF1
 211 0033 02       		.uleb128 0x2
 212 0034 02       		.byte	0x2
 213 0035 05       		.byte	0x5
 214 0036 57020000 		.4byte	.LASF2
 215 003a 02       		.uleb128 0x2
 216 003b 02       		.byte	0x2
 217 003c 07       		.byte	0x7
 218 003d 26000000 		.4byte	.LASF3
 219 0041 02       		.uleb128 0x2
 220 0042 04       		.byte	0x4
 221 0043 05       		.byte	0x5
 222 0044 61020000 		.4byte	.LASF4
 223 0048 02       		.uleb128 0x2
 224 0049 04       		.byte	0x4
 225 004a 07       		.byte	0x7
 226 004b 84000000 		.4byte	.LASF5
 227 004f 02       		.uleb128 0x2
 228 0050 08       		.byte	0x8
 229 0051 05       		.byte	0x5
 230 0052 93010000 		.4byte	.LASF6
 231 0056 02       		.uleb128 0x2
 232 0057 08       		.byte	0x8
 233 0058 07       		.byte	0x7
 234 0059 0D010000 		.4byte	.LASF7
 235 005d 03       		.uleb128 0x3
 236 005e 04       		.byte	0x4
 237 005f 05       		.byte	0x5
 238 0060 696E7400 		.ascii	"int\000"
 239 0064 02       		.uleb128 0x2
ARM GAS  C:\Users\username\AppData\Local\Temp\ccxFtsrM.s 			page 8


 240 0065 04       		.byte	0x4
 241 0066 07       		.byte	0x7
 242 0067 00010000 		.4byte	.LASF8
 243 006b 04       		.uleb128 0x4
 244 006c A4000000 		.4byte	.LASF9
 245 0070 02       		.byte	0x2
 246 0071 C2       		.byte	0xc2
 247 0072 2C000000 		.4byte	0x2c
 248 0076 04       		.uleb128 0x4
 249 0077 C0000000 		.4byte	.LASF10
 250 007b 02       		.byte	0x2
 251 007c C3       		.byte	0xc3
 252 007d 3A000000 		.4byte	0x3a
 253 0081 02       		.uleb128 0x2
 254 0082 04       		.byte	0x4
 255 0083 04       		.byte	0x4
 256 0084 6B000000 		.4byte	.LASF11
 257 0088 02       		.uleb128 0x2
 258 0089 08       		.byte	0x8
 259 008a 04       		.byte	0x4
 260 008b B9000000 		.4byte	.LASF12
 261 008f 02       		.uleb128 0x2
 262 0090 01       		.byte	0x1
 263 0091 08       		.byte	0x8
 264 0092 A1010000 		.4byte	.LASF13
 265 0096 05       		.uleb128 0x5
 266 0097 7F000000 		.4byte	.LASF14
 267 009b 02       		.byte	0x2
 268 009c 6C01     		.2byte	0x16c
 269 009e A2000000 		.4byte	0xa2
 270 00a2 06       		.uleb128 0x6
 271 00a3 6B000000 		.4byte	0x6b
 272 00a7 02       		.uleb128 0x2
 273 00a8 04       		.byte	0x4
 274 00a9 07       		.byte	0x7
 275 00aa 8A010000 		.4byte	.LASF15
 276 00ae 07       		.uleb128 0x7
 277 00af 06       		.byte	0x6
 278 00b0 03       		.byte	0x3
 279 00b1 43       		.byte	0x43
 280 00b2 E7000000 		.4byte	0xe7
 281 00b6 08       		.uleb128 0x8
 282 00b7 00000000 		.4byte	.LASF16
 283 00bb 03       		.byte	0x3
 284 00bc 45       		.byte	0x45
 285 00bd 6B000000 		.4byte	0x6b
 286 00c1 00       		.byte	0
 287 00c2 08       		.uleb128 0x8
 288 00c3 4C000000 		.4byte	.LASF17
 289 00c7 03       		.byte	0x3
 290 00c8 48       		.byte	0x48
 291 00c9 76000000 		.4byte	0x76
 292 00cd 02       		.byte	0x2
 293 00ce 08       		.uleb128 0x8
 294 00cf B8020000 		.4byte	.LASF18
 295 00d3 03       		.byte	0x3
 296 00d4 49       		.byte	0x49
ARM GAS  C:\Users\username\AppData\Local\Temp\ccxFtsrM.s 			page 9


 297 00d5 6B000000 		.4byte	0x6b
 298 00d9 04       		.byte	0x4
 299 00da 08       		.uleb128 0x8
 300 00db CB020000 		.4byte	.LASF19
 301 00df 03       		.byte	0x3
 302 00e0 4F       		.byte	0x4f
 303 00e1 6B000000 		.4byte	0x6b
 304 00e5 05       		.byte	0x5
 305 00e6 00       		.byte	0
 306 00e7 04       		.uleb128 0x4
 307 00e8 11000000 		.4byte	.LASF20
 308 00ec 03       		.byte	0x3
 309 00ed 53       		.byte	0x53
 310 00ee AE000000 		.4byte	0xae
 311 00f2 09       		.uleb128 0x9
 312 00f3 39000000 		.4byte	.LASF21
 313 00f7 01       		.byte	0x1
 314 00f8 2B       		.byte	0x2b
 315 00f9 00000000 		.4byte	.LFB2
 316 00fd 20000000 		.4byte	.LFE2-.LFB2
 317 0101 01       		.uleb128 0x1
 318 0102 9C       		.byte	0x9c
 319 0103 1A010000 		.4byte	0x11a
 320 0107 0A       		.uleb128 0xa
 321 0108 06000000 		.4byte	.LVL0
 322 010c A3010000 		.4byte	0x1a3
 323 0110 0A       		.uleb128 0xa
 324 0111 14000000 		.4byte	.LVL1
 325 0115 AE010000 		.4byte	0x1ae
 326 0119 00       		.byte	0
 327 011a 09       		.uleb128 0x9
 328 011b 55000000 		.4byte	.LASF22
 329 011f 01       		.byte	0x1
 330 0120 4D       		.byte	0x4d
 331 0121 00000000 		.4byte	.LFB3
 332 0125 20000000 		.4byte	.LFE3-.LFB3
 333 0129 01       		.uleb128 0x1
 334 012a 9C       		.byte	0x9c
 335 012b 42010000 		.4byte	0x142
 336 012f 0A       		.uleb128 0xa
 337 0130 0A000000 		.4byte	.LVL2
 338 0134 B9010000 		.4byte	0x1b9
 339 0138 0A       		.uleb128 0xa
 340 0139 16000000 		.4byte	.LVL3
 341 013d CA010000 		.4byte	0x1ca
 342 0141 00       		.byte	0
 343 0142 09       		.uleb128 0x9
 344 0143 96000000 		.4byte	.LASF23
 345 0147 01       		.byte	0x1
 346 0148 70       		.byte	0x70
 347 0149 00000000 		.4byte	.LFB4
 348 014d 2C000000 		.4byte	.LFE4-.LFB4
 349 0151 01       		.uleb128 0x1
 350 0152 9C       		.byte	0x9c
 351 0153 6A010000 		.4byte	0x16a
 352 0157 0A       		.uleb128 0xa
 353 0158 1E000000 		.4byte	.LVL4
ARM GAS  C:\Users\username\AppData\Local\Temp\ccxFtsrM.s 			page 10


 354 015c DB010000 		.4byte	0x1db
 355 0160 0A       		.uleb128 0xa
 356 0161 22000000 		.4byte	.LVL5
 357 0165 F2000000 		.4byte	0xf2
 358 0169 00       		.byte	0
 359 016a 09       		.uleb128 0x9
 360 016b 6A020000 		.4byte	.LASF24
 361 016f 01       		.byte	0x1
 362 0170 96       		.byte	0x96
 363 0171 00000000 		.4byte	.LFB5
 364 0175 18000000 		.4byte	.LFE5-.LFB5
 365 0179 01       		.uleb128 0x1
 366 017a 9C       		.byte	0x9c
 367 017b 92010000 		.4byte	0x192
 368 017f 0A       		.uleb128 0xa
 369 0180 06000000 		.4byte	.LVL6
 370 0184 1A010000 		.4byte	0x11a
 371 0188 0A       		.uleb128 0xa
 372 0189 12000000 		.4byte	.LVL7
 373 018d E2010000 		.4byte	0x1e2
 374 0191 00       		.byte	0
 375 0192 0B       		.uleb128 0xb
 376 0193 48020000 		.4byte	.LASF34
 377 0197 01       		.byte	0x1
 378 0198 15       		.byte	0x15
 379 0199 E7000000 		.4byte	0xe7
 380 019d 05       		.uleb128 0x5
 381 019e 03       		.byte	0x3
 382 019f 00000000 		.4byte	Timer_1_backup
 383 01a3 0C       		.uleb128 0xc
 384 01a4 A6010000 		.4byte	.LASF25
 385 01a8 03       		.byte	0x3
 386 01a9 69       		.byte	0x69
 387 01aa 76000000 		.4byte	0x76
 388 01ae 0C       		.uleb128 0xc
 389 01af E4000000 		.4byte	.LASF26
 390 01b3 03       		.byte	0x3
 391 01b4 63       		.byte	0x63
 392 01b5 6B000000 		.4byte	0x6b
 393 01b9 0D       		.uleb128 0xd
 394 01ba 24010000 		.4byte	.LASF27
 395 01be 03       		.byte	0x3
 396 01bf 6A       		.byte	0x6a
 397 01c0 CA010000 		.4byte	0x1ca
 398 01c4 0E       		.uleb128 0xe
 399 01c5 76000000 		.4byte	0x76
 400 01c9 00       		.byte	0
 401 01ca 0D       		.uleb128 0xd
 402 01cb C7000000 		.4byte	.LASF28
 403 01cf 03       		.byte	0x3
 404 01d0 64       		.byte	0x64
 405 01d1 DB010000 		.4byte	0x1db
 406 01d5 0E       		.uleb128 0xe
 407 01d6 6B000000 		.4byte	0x6b
 408 01da 00       		.byte	0
 409 01db 0F       		.uleb128 0xf
 410 01dc 85020000 		.4byte	.LASF29
ARM GAS  C:\Users\username\AppData\Local\Temp\ccxFtsrM.s 			page 11


 411 01e0 03       		.byte	0x3
 412 01e1 5B       		.byte	0x5b
 413 01e2 0F       		.uleb128 0xf
 414 01e3 AA000000 		.4byte	.LASF30
 415 01e7 03       		.byte	0x3
 416 01e8 8B       		.byte	0x8b
 417 01e9 00       		.byte	0
 418              		.section	.debug_abbrev,"",%progbits
 419              	.Ldebug_abbrev0:
 420 0000 01       		.uleb128 0x1
 421 0001 11       		.uleb128 0x11
 422 0002 01       		.byte	0x1
 423 0003 25       		.uleb128 0x25
 424 0004 0E       		.uleb128 0xe
 425 0005 13       		.uleb128 0x13
 426 0006 0B       		.uleb128 0xb
 427 0007 03       		.uleb128 0x3
 428 0008 0E       		.uleb128 0xe
 429 0009 1B       		.uleb128 0x1b
 430 000a 0E       		.uleb128 0xe
 431 000b 55       		.uleb128 0x55
 432 000c 17       		.uleb128 0x17
 433 000d 11       		.uleb128 0x11
 434 000e 01       		.uleb128 0x1
 435 000f 10       		.uleb128 0x10
 436 0010 17       		.uleb128 0x17
 437 0011 00       		.byte	0
 438 0012 00       		.byte	0
 439 0013 02       		.uleb128 0x2
 440 0014 24       		.uleb128 0x24
 441 0015 00       		.byte	0
 442 0016 0B       		.uleb128 0xb
 443 0017 0B       		.uleb128 0xb
 444 0018 3E       		.uleb128 0x3e
 445 0019 0B       		.uleb128 0xb
 446 001a 03       		.uleb128 0x3
 447 001b 0E       		.uleb128 0xe
 448 001c 00       		.byte	0
 449 001d 00       		.byte	0
 450 001e 03       		.uleb128 0x3
 451 001f 24       		.uleb128 0x24
 452 0020 00       		.byte	0
 453 0021 0B       		.uleb128 0xb
 454 0022 0B       		.uleb128 0xb
 455 0023 3E       		.uleb128 0x3e
 456 0024 0B       		.uleb128 0xb
 457 0025 03       		.uleb128 0x3
 458 0026 08       		.uleb128 0x8
 459 0027 00       		.byte	0
 460 0028 00       		.byte	0
 461 0029 04       		.uleb128 0x4
 462 002a 16       		.uleb128 0x16
 463 002b 00       		.byte	0
 464 002c 03       		.uleb128 0x3
 465 002d 0E       		.uleb128 0xe
 466 002e 3A       		.uleb128 0x3a
 467 002f 0B       		.uleb128 0xb
ARM GAS  C:\Users\username\AppData\Local\Temp\ccxFtsrM.s 			page 12


 468 0030 3B       		.uleb128 0x3b
 469 0031 0B       		.uleb128 0xb
 470 0032 49       		.uleb128 0x49
 471 0033 13       		.uleb128 0x13
 472 0034 00       		.byte	0
 473 0035 00       		.byte	0
 474 0036 05       		.uleb128 0x5
 475 0037 16       		.uleb128 0x16
 476 0038 00       		.byte	0
 477 0039 03       		.uleb128 0x3
 478 003a 0E       		.uleb128 0xe
 479 003b 3A       		.uleb128 0x3a
 480 003c 0B       		.uleb128 0xb
 481 003d 3B       		.uleb128 0x3b
 482 003e 05       		.uleb128 0x5
 483 003f 49       		.uleb128 0x49
 484 0040 13       		.uleb128 0x13
 485 0041 00       		.byte	0
 486 0042 00       		.byte	0
 487 0043 06       		.uleb128 0x6
 488 0044 35       		.uleb128 0x35
 489 0045 00       		.byte	0
 490 0046 49       		.uleb128 0x49
 491 0047 13       		.uleb128 0x13
 492 0048 00       		.byte	0
 493 0049 00       		.byte	0
 494 004a 07       		.uleb128 0x7
 495 004b 13       		.uleb128 0x13
 496 004c 01       		.byte	0x1
 497 004d 0B       		.uleb128 0xb
 498 004e 0B       		.uleb128 0xb
 499 004f 3A       		.uleb128 0x3a
 500 0050 0B       		.uleb128 0xb
 501 0051 3B       		.uleb128 0x3b
 502 0052 0B       		.uleb128 0xb
 503 0053 01       		.uleb128 0x1
 504 0054 13       		.uleb128 0x13
 505 0055 00       		.byte	0
 506 0056 00       		.byte	0
 507 0057 08       		.uleb128 0x8
 508 0058 0D       		.uleb128 0xd
 509 0059 00       		.byte	0
 510 005a 03       		.uleb128 0x3
 511 005b 0E       		.uleb128 0xe
 512 005c 3A       		.uleb128 0x3a
 513 005d 0B       		.uleb128 0xb
 514 005e 3B       		.uleb128 0x3b
 515 005f 0B       		.uleb128 0xb
 516 0060 49       		.uleb128 0x49
 517 0061 13       		.uleb128 0x13
 518 0062 38       		.uleb128 0x38
 519 0063 0B       		.uleb128 0xb
 520 0064 00       		.byte	0
 521 0065 00       		.byte	0
 522 0066 09       		.uleb128 0x9
 523 0067 2E       		.uleb128 0x2e
 524 0068 01       		.byte	0x1
ARM GAS  C:\Users\username\AppData\Local\Temp\ccxFtsrM.s 			page 13


 525 0069 3F       		.uleb128 0x3f
 526 006a 19       		.uleb128 0x19
 527 006b 03       		.uleb128 0x3
 528 006c 0E       		.uleb128 0xe
 529 006d 3A       		.uleb128 0x3a
 530 006e 0B       		.uleb128 0xb
 531 006f 3B       		.uleb128 0x3b
 532 0070 0B       		.uleb128 0xb
 533 0071 27       		.uleb128 0x27
 534 0072 19       		.uleb128 0x19
 535 0073 11       		.uleb128 0x11
 536 0074 01       		.uleb128 0x1
 537 0075 12       		.uleb128 0x12
 538 0076 06       		.uleb128 0x6
 539 0077 40       		.uleb128 0x40
 540 0078 18       		.uleb128 0x18
 541 0079 9742     		.uleb128 0x2117
 542 007b 19       		.uleb128 0x19
 543 007c 01       		.uleb128 0x1
 544 007d 13       		.uleb128 0x13
 545 007e 00       		.byte	0
 546 007f 00       		.byte	0
 547 0080 0A       		.uleb128 0xa
 548 0081 898201   		.uleb128 0x4109
 549 0084 00       		.byte	0
 550 0085 11       		.uleb128 0x11
 551 0086 01       		.uleb128 0x1
 552 0087 31       		.uleb128 0x31
 553 0088 13       		.uleb128 0x13
 554 0089 00       		.byte	0
 555 008a 00       		.byte	0
 556 008b 0B       		.uleb128 0xb
 557 008c 34       		.uleb128 0x34
 558 008d 00       		.byte	0
 559 008e 03       		.uleb128 0x3
 560 008f 0E       		.uleb128 0xe
 561 0090 3A       		.uleb128 0x3a
 562 0091 0B       		.uleb128 0xb
 563 0092 3B       		.uleb128 0x3b
 564 0093 0B       		.uleb128 0xb
 565 0094 49       		.uleb128 0x49
 566 0095 13       		.uleb128 0x13
 567 0096 02       		.uleb128 0x2
 568 0097 18       		.uleb128 0x18
 569 0098 00       		.byte	0
 570 0099 00       		.byte	0
 571 009a 0C       		.uleb128 0xc
 572 009b 2E       		.uleb128 0x2e
 573 009c 00       		.byte	0
 574 009d 3F       		.uleb128 0x3f
 575 009e 19       		.uleb128 0x19
 576 009f 03       		.uleb128 0x3
 577 00a0 0E       		.uleb128 0xe
 578 00a1 3A       		.uleb128 0x3a
 579 00a2 0B       		.uleb128 0xb
 580 00a3 3B       		.uleb128 0x3b
 581 00a4 0B       		.uleb128 0xb
ARM GAS  C:\Users\username\AppData\Local\Temp\ccxFtsrM.s 			page 14


 582 00a5 27       		.uleb128 0x27
 583 00a6 19       		.uleb128 0x19
 584 00a7 49       		.uleb128 0x49
 585 00a8 13       		.uleb128 0x13
 586 00a9 3C       		.uleb128 0x3c
 587 00aa 19       		.uleb128 0x19
 588 00ab 00       		.byte	0
 589 00ac 00       		.byte	0
 590 00ad 0D       		.uleb128 0xd
 591 00ae 2E       		.uleb128 0x2e
 592 00af 01       		.byte	0x1
 593 00b0 3F       		.uleb128 0x3f
 594 00b1 19       		.uleb128 0x19
 595 00b2 03       		.uleb128 0x3
 596 00b3 0E       		.uleb128 0xe
 597 00b4 3A       		.uleb128 0x3a
 598 00b5 0B       		.uleb128 0xb
 599 00b6 3B       		.uleb128 0x3b
 600 00b7 0B       		.uleb128 0xb
 601 00b8 27       		.uleb128 0x27
 602 00b9 19       		.uleb128 0x19
 603 00ba 3C       		.uleb128 0x3c
 604 00bb 19       		.uleb128 0x19
 605 00bc 01       		.uleb128 0x1
 606 00bd 13       		.uleb128 0x13
 607 00be 00       		.byte	0
 608 00bf 00       		.byte	0
 609 00c0 0E       		.uleb128 0xe
 610 00c1 05       		.uleb128 0x5
 611 00c2 00       		.byte	0
 612 00c3 49       		.uleb128 0x49
 613 00c4 13       		.uleb128 0x13
 614 00c5 00       		.byte	0
 615 00c6 00       		.byte	0
 616 00c7 0F       		.uleb128 0xf
 617 00c8 2E       		.uleb128 0x2e
 618 00c9 00       		.byte	0
 619 00ca 3F       		.uleb128 0x3f
 620 00cb 19       		.uleb128 0x19
 621 00cc 03       		.uleb128 0x3
 622 00cd 0E       		.uleb128 0xe
 623 00ce 3A       		.uleb128 0x3a
 624 00cf 0B       		.uleb128 0xb
 625 00d0 3B       		.uleb128 0x3b
 626 00d1 0B       		.uleb128 0xb
 627 00d2 27       		.uleb128 0x27
 628 00d3 19       		.uleb128 0x19
 629 00d4 3C       		.uleb128 0x3c
 630 00d5 19       		.uleb128 0x19
 631 00d6 00       		.byte	0
 632 00d7 00       		.byte	0
 633 00d8 00       		.byte	0
 634              		.section	.debug_aranges,"",%progbits
 635 0000 34000000 		.4byte	0x34
 636 0004 0200     		.2byte	0x2
 637 0006 00000000 		.4byte	.Ldebug_info0
 638 000a 04       		.byte	0x4
ARM GAS  C:\Users\username\AppData\Local\Temp\ccxFtsrM.s 			page 15


 639 000b 00       		.byte	0
 640 000c 0000     		.2byte	0
 641 000e 0000     		.2byte	0
 642 0010 00000000 		.4byte	.LFB2
 643 0014 20000000 		.4byte	.LFE2-.LFB2
 644 0018 00000000 		.4byte	.LFB3
 645 001c 20000000 		.4byte	.LFE3-.LFB3
 646 0020 00000000 		.4byte	.LFB4
 647 0024 2C000000 		.4byte	.LFE4-.LFB4
 648 0028 00000000 		.4byte	.LFB5
 649 002c 18000000 		.4byte	.LFE5-.LFB5
 650 0030 00000000 		.4byte	0
 651 0034 00000000 		.4byte	0
 652              		.section	.debug_ranges,"",%progbits
 653              	.Ldebug_ranges0:
 654 0000 00000000 		.4byte	.LFB2
 655 0004 20000000 		.4byte	.LFE2
 656 0008 00000000 		.4byte	.LFB3
 657 000c 20000000 		.4byte	.LFE3
 658 0010 00000000 		.4byte	.LFB4
 659 0014 2C000000 		.4byte	.LFE4
 660 0018 00000000 		.4byte	.LFB5
 661 001c 18000000 		.4byte	.LFE5
 662 0020 00000000 		.4byte	0
 663 0024 00000000 		.4byte	0
 664              		.section	.debug_line,"",%progbits
 665              	.Ldebug_line0:
 666 0000 AD000000 		.section	.debug_str,"MS",%progbits,1
 666      02005600 
 666      00000201 
 666      FB0E0D00 
 666      01010101 
 667              	.LASF16:
 668 0000 54696D65 		.ascii	"TimerEnableState\000"
 668      72456E61 
 668      626C6553 
 668      74617465 
 668      00
 669              	.LASF20:
 670 0011 54696D65 		.ascii	"Timer_1_backupStruct\000"
 670      725F315F 
 670      6261636B 
 670      75705374 
 670      72756374 
 671              	.LASF3:
 672 0026 73686F72 		.ascii	"short unsigned int\000"
 672      7420756E 
 672      7369676E 
 672      65642069 
 672      6E7400
 673              	.LASF21:
 674 0039 54696D65 		.ascii	"Timer_1_SaveConfig\000"
 674      725F315F 
 674      53617665 
 674      436F6E66 
 674      696700
 675              	.LASF17:
ARM GAS  C:\Users\username\AppData\Local\Temp\ccxFtsrM.s 			page 16


 676 004c 54696D65 		.ascii	"TimerUdb\000"
 676      72556462 
 676      00
 677              	.LASF22:
 678 0055 54696D65 		.ascii	"Timer_1_RestoreConfig\000"
 678      725F315F 
 678      52657374 
 678      6F726543 
 678      6F6E6669 
 679              	.LASF11:
 680 006b 666C6F61 		.ascii	"float\000"
 680      7400
 681              	.LASF1:
 682 0071 756E7369 		.ascii	"unsigned char\000"
 682      676E6564 
 682      20636861 
 682      7200
 683              	.LASF14:
 684 007f 72656738 		.ascii	"reg8\000"
 684      00
 685              	.LASF5:
 686 0084 6C6F6E67 		.ascii	"long unsigned int\000"
 686      20756E73 
 686      69676E65 
 686      6420696E 
 686      7400
 687              	.LASF23:
 688 0096 54696D65 		.ascii	"Timer_1_Sleep\000"
 688      725F315F 
 688      536C6565 
 688      7000
 689              	.LASF9:
 690 00a4 75696E74 		.ascii	"uint8\000"
 690      3800
 691              	.LASF30:
 692 00aa 54696D65 		.ascii	"Timer_1_Enable\000"
 692      725F315F 
 692      456E6162 
 692      6C6500
 693              	.LASF12:
 694 00b9 646F7562 		.ascii	"double\000"
 694      6C6500
 695              	.LASF10:
 696 00c0 75696E74 		.ascii	"uint16\000"
 696      313600
 697              	.LASF28:
 698 00c7 54696D65 		.ascii	"Timer_1_WriteControlRegister\000"
 698      725F315F 
 698      57726974 
 698      65436F6E 
 698      74726F6C 
 699              	.LASF26:
 700 00e4 54696D65 		.ascii	"Timer_1_ReadControlRegister\000"
 700      725F315F 
 700      52656164 
 700      436F6E74 
 700      726F6C52 
ARM GAS  C:\Users\username\AppData\Local\Temp\ccxFtsrM.s 			page 17


 701              	.LASF8:
 702 0100 756E7369 		.ascii	"unsigned int\000"
 702      676E6564 
 702      20696E74 
 702      00
 703              	.LASF7:
 704 010d 6C6F6E67 		.ascii	"long long unsigned int\000"
 704      206C6F6E 
 704      6720756E 
 704      7369676E 
 704      65642069 
 705              	.LASF27:
 706 0124 54696D65 		.ascii	"Timer_1_WriteCounter\000"
 706      725F315F 
 706      57726974 
 706      65436F75 
 706      6E746572 
 707              	.LASF33:
 708 0139 433A5C55 		.ascii	"C:\\Users\\username\\Dropbox\\PSoC Creator\\DARPA H"
 708      73657273 
 708      5C757365 
 708      726E616D 
 708      655C4472 
 709 0167 45534120 		.ascii	"ESA SENSOR\\DARPA_HESA_Sensor.cydsn\000"
 709      53454E53 
 709      4F525C44 
 709      41525041 
 709      5F484553 
 710              	.LASF15:
 711 018a 73697A65 		.ascii	"sizetype\000"
 711      74797065 
 711      00
 712              	.LASF6:
 713 0193 6C6F6E67 		.ascii	"long long int\000"
 713      206C6F6E 
 713      6720696E 
 713      7400
 714              	.LASF13:
 715 01a1 63686172 		.ascii	"char\000"
 715      00
 716              	.LASF25:
 717 01a6 54696D65 		.ascii	"Timer_1_ReadCounter\000"
 717      725F315F 
 717      52656164 
 717      436F756E 
 717      74657200 
 718              	.LASF31:
 719 01ba 474E5520 		.ascii	"GNU C 4.9.3 20150303 (release) [ARM/embedded-4_9-br"
 719      4320342E 
 719      392E3320 
 719      32303135 
 719      30333033 
 720 01ed 616E6368 		.ascii	"anch revision 221220] -mcpu=cortex-m0 -mthumb -g -O"
 720      20726576 
 720      6973696F 
 720      6E203232 
 720      31323230 
ARM GAS  C:\Users\username\AppData\Local\Temp\ccxFtsrM.s 			page 18


 721 0220 67202D66 		.ascii	"g -ffunction-sections -ffat-lto-objects\000"
 721      66756E63 
 721      74696F6E 
 721      2D736563 
 721      74696F6E 
 722              	.LASF34:
 723 0248 54696D65 		.ascii	"Timer_1_backup\000"
 723      725F315F 
 723      6261636B 
 723      757000
 724              	.LASF2:
 725 0257 73686F72 		.ascii	"short int\000"
 725      7420696E 
 725      7400
 726              	.LASF4:
 727 0261 6C6F6E67 		.ascii	"long int\000"
 727      20696E74 
 727      00
 728              	.LASF24:
 729 026a 54696D65 		.ascii	"Timer_1_Wakeup\000"
 729      725F315F 
 729      57616B65 
 729      757000
 730              	.LASF0:
 731 0279 7369676E 		.ascii	"signed char\000"
 731      65642063 
 731      68617200 
 732              	.LASF29:
 733 0285 54696D65 		.ascii	"Timer_1_Stop\000"
 733      725F315F 
 733      53746F70 
 733      00
 734              	.LASF32:
 735 0292 2E5C4765 		.ascii	".\\Generated_Source\\PSoC4\\Timer_1_PM.c\000"
 735      6E657261 
 735      7465645F 
 735      536F7572 
 735      63655C50 
 736              	.LASF18:
 737 02b8 496E7465 		.ascii	"InterruptMaskValue\000"
 737      72727570 
 737      744D6173 
 737      6B56616C 
 737      756500
 738              	.LASF19:
 739 02cb 54696D65 		.ascii	"TimerControlRegister\000"
 739      72436F6E 
 739      74726F6C 
 739      52656769 
 739      73746572 
 740              		.ident	"GCC: (GNU Tools for ARM Embedded Processors) 4.9.3 20150303 (release) [ARM/embedded-4_9-br
